<?xml version="1.0" encoding="UTF-8"?>
<testsuite xmlns:xsi="http://www.w3.org/2001/XMLSchema-instance" xsi:noNamespaceSchemaLocation="https://maven.apache.org/surefire/maven-surefire-plugin/xsd/surefire-test-report-3.0.xsd" version="3.0" name="com.elearning.ELearningAppBackendApplicationTests" time="7.632" tests="1" errors="0" skipped="0" failures="0">
  <properties>
[...]
</properties>
  <testcase name="contextLoads" classname="com.elearning.ELearningAppBackendApplicationTests" time="0.326">
    <system-out><![CDATA[21:09:02.649 [main] INFO org.springframework.test.context.support.AnnotationConfigContextLoaderUtils -- Could not detect default configuration classes for test class [com.elearning.ELearningAppBackendApplicationTests]: ELearningAppBackendApplicationTests does not declare any static, non-private, non-final, nested classes annotated with @Configuration.
21:09:02.753 [main] INFO org.springframework.boot.test.context.SpringBootTestContextBootstrapper -- Found @SpringBootConfiguration com.elearning.ELearningAppBackendApplication for test class com.elearning.ELearningAppBackendApplicationTests

  .   ____          _            __ _ _
 /\\ / ___'_ __ _ _(_)_ __  __ _ \ \ \ \
( ( )\___ | '_ | '_| | '_ \/ _` | \ \ \ \
 \\/  ___)| |_)| | | | | || (_| |  ) ) ) )
  '  |____| .__|_| |_|_| |_\__, | / / / /
 =========|_|==============|___/=/_/_/_/

 :: Spring Boot ::                (v3.3.4)

2025-11-09T21:09:03.103+07:00  INFO 11568 --- [E-learning-App] [           main] c.e.ELearningAppBackendApplicationTests  : Starting ELearningAppBackendApplicationTests using Java 21.0.4 with PID 11568 (started by ACER in D:\IUH\HK1_Nam4\LTDD\e-learning-app-backend)
2025-11-09T21:09:03.104+07:00  INFO 11568 --- [E-learning-App] [           main] c.e.ELearningAppBackendApplicationTests  : The following 1 profile is active: "dev"
2025-11-09T21:09:03.960+07:00  INFO 11568 --- [E-learning-App] [           main] .s.d.r.c.RepositoryConfigurationDelegate : Bootstrapping Spring Data JPA repositories in DEFAULT mode.
2025-11-09T21:09:03.972+07:00 DEBUG 11568 --- [E-learning-App] [           main] .s.d.r.c.RepositoryConfigurationDelegate : Scanning for JPA repositories in packages com.elearning.
2025-11-09T21:09:03.989+07:00 DEBUG 11568 --- [E-learning-App] [           main] o.s.d.r.c.RepositoryComponentProvider    : Identified candidate component class: file [D:\IUH\HK1_Nam4\LTDD\e-learning-app-backend\target\classes\com\elearning\repository\AnswerRepository.class]
2025-11-09T21:09:03.989+07:00 DEBUG 11568 --- [E-learning-App] [           main] o.s.d.r.c.RepositoryComponentProvider    : Identified candidate component class: file [D:\IUH\HK1_Nam4\LTDD\e-learning-app-backend\target\classes\com\elearning\repository\CategoryRepository.class]
2025-11-09T21:09:03.989+07:00 DEBUG 11568 --- [E-learning-App] [           main] o.s.d.r.c.RepositoryComponentProvider    : Identified candidate component class: file [D:\IUH\HK1_Nam4\LTDD\e-learning-app-backend\target\classes\com\elearning\repository\CertificateRepository.class]
2025-11-09T21:09:03.989+07:00 DEBUG 11568 --- [E-learning-App] [           main] o.s.d.r.c.RepositoryComponentProvider    : Identified candidate component class: file [D:\IUH\HK1_Nam4\LTDD\e-learning-app-backend\target\classes\com\elearning\repository\CourseRepository.class]
2025-11-09T21:09:03.989+07:00 DEBUG 11568 --- [E-learning-App] [           main] o.s.d.r.c.RepositoryComponentProvider    : Identified candidate component class: file [D:\IUH\HK1_Nam4\LTDD\e-learning-app-backend\target\classes\com\elearning\repository\EnrollmentRepository.class]
2025-11-09T21:09:03.989+07:00 DEBUG 11568 --- [E-learning-App] [           main] o.s.d.r.c.RepositoryComponentProvider    : Identified candidate component class: file [D:\IUH\HK1_Nam4\LTDD\e-learning-app-backend\target\classes\com\elearning\repository\LessonRepository.class]
2025-11-09T21:09:03.989+07:00 DEBUG 11568 --- [E-learning-App] [           main] o.s.d.r.c.RepositoryComponentProvider    : Identified candidate component class: file [D:\IUH\HK1_Nam4\LTDD\e-learning-app-backend\target\classes\com\elearning\repository\NotificationRepository.class]
2025-11-09T21:09:03.990+07:00 DEBUG 11568 --- [E-learning-App] [           main] o.s.d.r.c.RepositoryComponentProvider    : Identified candidate component class: file [D:\IUH\HK1_Nam4\LTDD\e-learning-app-backend\target\classes\com\elearning\repository\OrderRepository.class]
2025-11-09T21:09:03.990+07:00 DEBUG 11568 --- [E-learning-App] [           main] o.s.d.r.c.RepositoryComponentProvider    : Identified candidate component class: file [D:\IUH\HK1_Nam4\LTDD\e-learning-app-backend\target\classes\com\elearning\repository\ProgressRepository.class]
2025-11-09T21:09:03.990+07:00 DEBUG 11568 --- [E-learning-App] [           main] o.s.d.r.c.RepositoryComponentProvider    : Identified candidate component class: file [D:\IUH\HK1_Nam4\LTDD\e-learning-app-backend\target\classes\com\elearning\repository\QuestionRepository.class]
2025-11-09T21:09:03.990+07:00 DEBUG 11568 --- [E-learning-App] [           main] o.s.d.r.c.RepositoryComponentProvider    : Identified candidate component class: file [D:\IUH\HK1_Nam4\LTDD\e-learning-app-backend\target\classes\com\elearning\repository\QuizAttemptRepository.class]
2025-11-09T21:09:03.990+07:00 DEBUG 11568 --- [E-learning-App] [           main] o.s.d.r.c.RepositoryComponentProvider    : Identified candidate component class: file [D:\IUH\HK1_Nam4\LTDD\e-learning-app-backend\target\classes\com\elearning\repository\QuizRepository.class]
2025-11-09T21:09:03.990+07:00 DEBUG 11568 --- [E-learning-App] [           main] o.s.d.r.c.RepositoryComponentProvider    : Identified candidate component class: file [D:\IUH\HK1_Nam4\LTDD\e-learning-app-backend\target\classes\com\elearning\repository\ReviewRepository.class]
2025-11-09T21:09:03.990+07:00 DEBUG 11568 --- [E-learning-App] [           main] o.s.d.r.c.RepositoryComponentProvider    : Identified candidate component class: file [D:\IUH\HK1_Nam4\LTDD\e-learning-app-backend\target\classes\com\elearning\repository\SectionRepository.class]
2025-11-09T21:09:03.990+07:00 DEBUG 11568 --- [E-learning-App] [           main] o.s.d.r.c.RepositoryComponentProvider    : Identified candidate component class: file [D:\IUH\HK1_Nam4\LTDD\e-learning-app-backend\target\classes\com\elearning\repository\TransactionRepository.class]
2025-11-09T21:09:03.990+07:00 DEBUG 11568 --- [E-learning-App] [           main] o.s.d.r.c.RepositoryComponentProvider    : Identified candidate component class: file [D:\IUH\HK1_Nam4\LTDD\e-learning-app-backend\target\classes\com\elearning\repository\UserRepository.class]
2025-11-09T21:09:04.113+07:00  INFO 11568 --- [E-learning-App] [           main] .s.d.r.c.RepositoryConfigurationDelegate : Finished Spring Data repository scanning in 140 ms. Found 16 JPA repository interfaces.
2025-11-09T21:09:04.994+07:00  INFO 11568 --- [E-learning-App] [           main] o.hibernate.jpa.internal.util.LogHelper  : HHH000204: Processing PersistenceUnitInfo [name: default]
2025-11-09T21:09:05.181+07:00  INFO 11568 --- [E-learning-App] [           main] org.hibernate.Version                    : HHH000412: Hibernate ORM core version 6.5.3.Final
2025-11-09T21:09:05.233+07:00  INFO 11568 --- [E-learning-App] [           main] o.h.c.internal.RegionFactoryInitiator    : HHH000026: Second-level cache disabled
2025-11-09T21:09:05.556+07:00  INFO 11568 --- [E-learning-App] [           main] o.s.o.j.p.SpringPersistenceUnitInfo      : No LoadTimeWeaver setup: ignoring JPA class transformer
2025-11-09T21:09:05.574+07:00  INFO 11568 --- [E-learning-App] [           main] com.zaxxer.hikari.HikariDataSource       : HikariPool-1 - Starting...
2025-11-09T21:09:05.822+07:00  INFO 11568 --- [E-learning-App] [           main] com.zaxxer.hikari.pool.HikariPool        : HikariPool-1 - Added connection com.mysql.cj.jdbc.ConnectionImpl@58a8ea6f
2025-11-09T21:09:05.824+07:00  INFO 11568 --- [E-learning-App] [           main] com.zaxxer.hikari.HikariDataSource       : HikariPool-1 - Start completed.
2025-11-09T21:09:05.859+07:00  WARN 11568 --- [E-learning-App] [           main] org.hibernate.orm.deprecation            : HHH90000025: MySQL8Dialect does not need to be specified explicitly using 'hibernate.dialect' (remove the property setting and it will be selected by default)
2025-11-09T21:09:05.860+07:00  WARN 11568 --- [E-learning-App] [           main] org.hibernate.orm.deprecation            : HHH90000026: MySQL8Dialect has been deprecated; use org.hibernate.dialect.MySQLDialect instead
2025-11-09T21:09:06.879+07:00  INFO 11568 --- [E-learning-App] [           main] o.h.e.t.j.p.i.JtaPlatformInitiator       : HHH000489: No JTA platform available (set 'hibernate.transaction.jta.platform' to enable JTA platform integration)
2025-11-09T21:09:06.881+07:00  INFO 11568 --- [E-learning-App] [           main] j.LocalContainerEntityManagerFactoryBean : Initialized JPA EntityManagerFactory for persistence unit 'default'
2025-11-09T21:09:07.299+07:00 DEBUG 11568 --- [E-learning-App] [           main] o.s.d.r.c.s.RepositoryFactorySupport     : Initializing repository instance for com.elearning.repository.UserRepository…
2025-11-09T21:09:07.410+07:00  INFO 11568 --- [E-learning-App] [           main] o.s.d.j.r.query.QueryEnhancerFactory     : Hibernate is in classpath; If applicable, HQL parser will be used.
2025-11-09T21:09:07.842+07:00 DEBUG 11568 --- [E-learning-App] [           main] o.s.d.r.c.s.RepositoryFactorySupport     : Finished creation of repository instance for com.elearning.repository.UserRepository.
2025-11-09T21:09:07.964+07:00 DEBUG 11568 --- [E-learning-App] [           main] o.s.d.r.c.s.RepositoryFactorySupport     : Initializing repository instance for com.elearning.repository.OrderRepository…
2025-11-09T21:09:08.033+07:00 DEBUG 11568 --- [E-learning-App] [           main] o.s.d.r.c.s.RepositoryFactorySupport     : Finished creation of repository instance for com.elearning.repository.OrderRepository.
2025-11-09T21:09:08.036+07:00 DEBUG 11568 --- [E-learning-App] [           main] o.s.d.r.c.s.RepositoryFactorySupport     : Initializing repository instance for com.elearning.repository.TransactionRepository…
2025-11-09T21:09:08.127+07:00 DEBUG 11568 --- [E-learning-App] [           main] o.s.d.r.c.s.RepositoryFactorySupport     : Finished creation of repository instance for com.elearning.repository.TransactionRepository.
2025-11-09T21:09:08.133+07:00 DEBUG 11568 --- [E-learning-App] [           main] o.s.d.r.c.s.RepositoryFactorySupport     : Initializing repository instance for com.elearning.repository.CourseRepository…
2025-11-09T21:09:08.296+07:00 DEBUG 11568 --- [E-learning-App] [           main] o.s.d.r.c.s.RepositoryFactorySupport     : Finished creation of repository instance for com.elearning.repository.CourseRepository.
2025-11-09T21:09:08.301+07:00 DEBUG 11568 --- [E-learning-App] [           main] o.s.d.r.c.s.RepositoryFactorySupport     : Initializing repository instance for com.elearning.repository.EnrollmentRepository…
2025-11-09T21:09:08.334+07:00 DEBUG 11568 --- [E-learning-App] [           main] o.s.d.r.c.s.RepositoryFactorySupport     : Finished creation of repository instance for com.elearning.repository.EnrollmentRepository.
2025-11-09T21:09:08.414+07:00 DEBUG 11568 --- [E-learning-App] [           main] o.s.d.r.c.s.RepositoryFactorySupport     : Initializing repository instance for com.elearning.repository.NotificationRepository…
2025-11-09T21:09:08.421+07:00 DEBUG 11568 --- [E-learning-App] [           main] o.s.d.r.c.s.RepositoryFactorySupport     : Finished creation of repository instance for com.elearning.repository.NotificationRepository.
2025-11-09T21:09:08.433+07:00 DEBUG 11568 --- [E-learning-App] [           main] o.s.d.r.c.s.RepositoryFactorySupport     : Initializing repository instance for com.elearning.repository.QuizAttemptRepository…
2025-11-09T21:09:08.442+07:00 DEBUG 11568 --- [E-learning-App] [           main] o.s.d.r.c.s.RepositoryFactorySupport     : Finished creation of repository instance for com.elearning.repository.QuizAttemptRepository.
2025-11-09T21:09:08.448+07:00 DEBUG 11568 --- [E-learning-App] [           main] o.s.d.r.c.s.RepositoryFactorySupport     : Initializing repository instance for com.elearning.repository.CertificateRepository…
2025-11-09T21:09:08.456+07:00 DEBUG 11568 --- [E-learning-App] [           main] o.s.d.r.c.s.RepositoryFactorySupport     : Finished creation of repository instance for com.elearning.repository.CertificateRepository.
2025-11-09T21:09:08.505+07:00 DEBUG 11568 --- [E-learning-App] [           main] o.s.d.r.c.s.RepositoryFactorySupport     : Initializing repository instance for com.elearning.repository.ReviewRepository…
2025-11-09T21:09:08.514+07:00 DEBUG 11568 --- [E-learning-App] [           main] o.s.d.r.c.s.RepositoryFactorySupport     : Finished creation of repository instance for com.elearning.repository.ReviewRepository.
2025-11-09T21:09:08.661+07:00  WARN 11568 --- [E-learning-App] [           main] JpaBaseConfiguration$JpaWebConfiguration : spring.jpa.open-in-view is enabled by default. Therefore, database queries may be performed during view rendering. Explicitly configure spring.jpa.open-in-view to disable this warning
2025-11-09T21:09:08.711+07:00  INFO 11568 --- [E-learning-App] [           main] eAuthenticationProviderManagerConfigurer : Global AuthenticationManager configured with AuthenticationProvider bean with name daoAuthenticationProvider
2025-11-09T21:09:08.712+07:00  WARN 11568 --- [E-learning-App] [           main] r$InitializeUserDetailsManagerConfigurer : Global AuthenticationManager configured with an AuthenticationProvider bean. UserDetailsService beans will not be used for username/password login. Consider removing the AuthenticationProvider bean. Alternatively, consider using the UserDetailsService in a manually instantiated DaoAuthenticationProvider.
2025-11-09T21:09:08.750+07:00 DEBUG 11568 --- [E-learning-App] [           main] o.s.d.r.c.s.RepositoryFactorySupport     : Initializing repository instance for com.elearning.repository.CategoryRepository…
2025-11-09T21:09:08.753+07:00 DEBUG 11568 --- [E-learning-App] [           main] o.s.d.r.c.s.RepositoryFactorySupport     : Finished creation of repository instance for com.elearning.repository.CategoryRepository.
2025-11-09T21:09:08.759+07:00 DEBUG 11568 --- [E-learning-App] [           main] o.s.d.r.c.s.RepositoryFactorySupport     : Initializing repository instance for com.elearning.repository.ProgressRepository…
2025-11-09T21:09:08.781+07:00 DEBUG 11568 --- [E-learning-App] [           main] o.s.d.r.c.s.RepositoryFactorySupport     : Finished creation of repository instance for com.elearning.repository.ProgressRepository.
2025-11-09T21:09:08.810+07:00 DEBUG 11568 --- [E-learning-App] [           main] o.s.d.r.c.s.RepositoryFactorySupport     : Initializing repository instance for com.elearning.repository.SectionRepository…
2025-11-09T21:09:08.819+07:00 DEBUG 11568 --- [E-learning-App] [           main] o.s.d.r.c.s.RepositoryFactorySupport     : Finished creation of repository instance for com.elearning.repository.SectionRepository.
2025-11-09T21:09:08.833+07:00 DEBUG 11568 --- [E-learning-App] [           main] o.s.d.r.c.s.RepositoryFactorySupport     : Initializing repository instance for com.elearning.repository.LessonRepository…
2025-11-09T21:09:08.837+07:00 DEBUG 11568 --- [E-learning-App] [           main] o.s.d.r.c.s.RepositoryFactorySupport     : Finished creation of repository instance for com.elearning.repository.LessonRepository.
2025-11-09T21:09:08.850+07:00 DEBUG 11568 --- [E-learning-App] [           main] o.s.d.r.c.s.RepositoryFactorySupport     : Initializing repository instance for com.elearning.repository.QuizRepository…
2025-11-09T21:09:08.854+07:00 DEBUG 11568 --- [E-learning-App] [           main] o.s.d.r.c.s.RepositoryFactorySupport     : Finished creation of repository instance for com.elearning.repository.QuizRepository.
2025-11-09T21:09:08.862+07:00 DEBUG 11568 --- [E-learning-App] [           main] o.s.d.r.c.s.RepositoryFactorySupport     : Initializing repository instance for com.elearning.repository.QuestionRepository…
2025-11-09T21:09:08.866+07:00 DEBUG 11568 --- [E-learning-App] [           main] o.s.d.r.c.s.RepositoryFactorySupport     : Finished creation of repository instance for com.elearning.repository.QuestionRepository.
2025-11-09T21:09:08.870+07:00 DEBUG 11568 --- [E-learning-App] [           main] o.s.d.r.c.s.RepositoryFactorySupport     : Initializing repository instance for com.elearning.repository.AnswerRepository…
2025-11-09T21:09:08.874+07:00 DEBUG 11568 --- [E-learning-App] [           main] o.s.d.r.c.s.RepositoryFactorySupport     : Finished creation of repository instance for com.elearning.repository.AnswerRepository.
2025-11-09T21:09:09.704+07:00  INFO 11568 --- [E-learning-App] [           main] c.e.ELearningAppBackendApplicationTests  : Started ELearningAppBackendApplicationTests in 6.831 seconds (process running for 7.63)
Hibernate: 
    select
        u1_0.id 
    from
        users u1_0 
    where
        u1_0.email=? 
    limit
        ?
Hibernate: 
    select
        u1_0.id 
    from
        users u1_0 
    where
        u1_0.email=? 
    limit
        ?
Hibernate: 
    select
        u1_0.id 
    from
        users u1_0 
    where
        u1_0.email=? 
    limit
        ?
]]></system-out>
    <system-err><![CDATA[WARNING: A Java agent has been loaded dynamically (C:\Users\ACER\.m2\repository\net\bytebuddy\byte-buddy-agent\1.14.19\byte-buddy-agent-1.14.19.jar)
WARNING: If a serviceability tool is in use, please run with -XX:+EnableDynamicAgentLoading to hide this warning
WARNING: If a serviceability tool is not in use, please run with -Djdk.instrument.traceUsage for more information
WARNING: Dynamic loading of agents will be disallowed by default in a future release
]]></system-err>
  </testcase>
</testsuite>